<?xml version="1.0" encoding="utf-8"?><testsuites name="pytest tests"><testsuite name="pytest" errors="0" failures="2" skipped="0" tests="23" time="44.544" timestamp="2026-04-06T14:58:22.526361+00:00" hostname="agent-env-08c94f25-1e69-4201-a57a-9cf39e5ddcc0"><testcase classname="backend.tests.test_matchme_api.TestHealthEndpoints" name="test_api_root" time="1.116" /><testcase classname="backend.tests.test_matchme_api.TestHealthEndpoints" name="test_api_health" time="0.115" /><testcase classname="backend.tests.test_matchme_api.TestAuthEndpoints" name="test_register_new_user" time="0.824" /><testcase classname="backend.tests.test_matchme_api.TestAuthEndpoints" name="test_register_duplicate_email" time="0.352" /><testcase classname="backend.tests.test_matchme_api.TestAuthEndpoints" name="test_login_admin_success" time="1.039" /><testcase classname="backend.tests.test_matchme_api.TestAuthEndpoints" name="test_login_invalid_credentials" time="1.042" /><testcase classname="backend.tests.test_matchme_api.TestAuthEndpoints" name="test_auth_me_without_token" time="0.127" /><testcase classname="backend.tests.test_matchme_api.TestDashboardAPI" name="test_dashboard_returns_correct_fields" time="2.056" /><testcase classname="backend.tests.test_matchme_api.TestDashboardAPI" name="test_dashboard_free_user" time="1.857" /><testcase classname="backend.tests.test_matchme_api.TestJobCreation" name="test_best_shot_requires_3_to_10_photos" time="1.586" /><testcase classname="backend.tests.test_matchme_api.TestJobCreation" name="test_best_shot_pro_user_no_credit_check" time="1.557" /><testcase classname="backend.tests.test_matchme_api.TestJobCreation" name="test_profile_analysis_requires_4_to_6_photos" time="1.619" /><testcase classname="backend.tests.test_matchme_api.TestJobCreation" name="test_profile_analysis_pro_user" time="1.565" /><testcase classname="backend.tests.test_matchme_api.TestJobCreation" name="test_free_user_credit_deduction" time="3.560" /><testcase classname="backend.tests.test_matchme_api.TestJobCreation" name="test_insufficient_credits_blocked" time="3.423" /><testcase classname="backend.tests.test_matchme_api.TestRatingSystem" name="test_rate_next_endpoint" time="5.516" /><testcase classname="backend.tests.test_matchme_api.TestRatingSystem" name="test_rating_submit_requires_comment" time="2.290"><failure message="assert 200 in [400, 422]&#10; +  where 200 = &lt;Response [200]&gt;.status_code">backend/tests/test_matchme_api.py:357: in test_rating_submit_requires_comment
    assert response.status_code in [400, 422]
E   assert 200 in [400, 422]
E    +  where 200 = &lt;Response [200]&gt;.status_code</failure></testcase><testcase classname="backend.tests.test_matchme_api.TestStripeEndpoints" name="test_subscribe_endpoint_creates_checkout" time="1.594"><failure message="assert 500 == 200&#10; +  where 500 = &lt;Response [500]&gt;.status_code">backend/tests/test_matchme_api.py:382: in test_subscribe_endpoint_creates_checkout
    assert response.status_code == 200
E   assert 500 == 200
E    +  where 500 = &lt;Response [500]&gt;.status_code</failure></testcase><testcase classname="backend.tests.test_matchme_api.TestStripeEndpoints" name="test_subscribe_invalid_package" time="1.384" /><testcase classname="backend.tests.test_matchme_api.TestStripeEndpoints" name="test_webhook_endpoint_exists" time="0.128" /><testcase classname="backend.tests.test_matchme_api.TestAdminWorker" name="test_run_worker_admin_only" time="1.096" /><testcase classname="backend.tests.test_matchme_api.TestAdminWorker" name="test_run_worker_success" time="8.759" /><testcase classname="backend.tests.test_matchme_api.TestTierConfiguration" name="test_tier_config_values" time="1.792" /></testsuite></testsuites>