<?xml version="1.0" encoding="utf-8"?><testsuites name="pytest tests"><testsuite name="pytest" errors="0" failures="1" skipped="3" tests="34" time="97.044" timestamp="2026-04-06T19:13:32.391242+00:00" hostname="agent-env-08c94f25-1e69-4201-a57a-9cf39e5ddcc0"><testcase classname="backend.tests.test_iteration5_fixes.TestFix1IntegerCredits" name="test_new_user_has_integer_credits_and_counters" time="0.842" /><testcase classname="backend.tests.test_iteration5_fixes.TestFix1IntegerCredits" name="test_dashboard_returns_integer_credits" time="1.861" /><testcase classname="backend.tests.test_iteration5_fixes.TestFix1IntegerCredits" name="test_admin_user_has_integer_credits" time="2.364" /><testcase classname="backend.tests.test_iteration5_fixes.TestFix1IntegerCredits" name="test_credit_deduction_stays_integer" time="2.552" /><testcase classname="backend.tests.test_iteration5_fixes.TestFix1IntegerCredits" name="test_user_has_ratings_since_last_credit_field" time="2.086" /><testcase classname="backend.tests.test_iteration5_fixes.TestFix2ResultsWithRaterUsername" name="test_completed_job_has_ratings_array" time="1.688"><skipped type="pytest.skip" message="No completed jobs to test">/app/backend/tests/test_iteration5_fixes.py:170: No completed jobs to test</skipped></testcase><testcase classname="backend.tests.test_iteration5_fixes.TestFix2ResultsWithRaterUsername" name="test_job_result_structure" time="1.651"><skipped type="pytest.skip" message="No completed jobs to test">/app/backend/tests/test_iteration5_fixes.py:203: No completed jobs to test</skipped></testcase><testcase classname="backend.tests.test_iteration5_fixes.TestFix2ResultsWithRaterUsername" name="test_individual_rating_fields" time="1.574"><skipped type="pytest.skip" message="No completed jobs to test">/app/backend/tests/test_iteration5_fixes.py:224: No completed jobs to test</skipped></testcase><testcase classname="backend.tests.test_iteration5_fixes.TestFix3AuthInputPadding" name="test_auth_page_loads" time="0.130" /><testcase classname="backend.tests.test_iteration5_fixes.TestCreditEarningLogic" name="test_rating_submission_increments_counter" time="10.245" /><testcase classname="backend.tests.test_iteration5_fixes.TestJobCompletionBonus" name="test_admin_can_run_worker" time="17.861" /><testcase classname="backend.tests.test_matchme_api.TestHealthEndpoints" name="test_api_root" time="0.162" /><testcase classname="backend.tests.test_matchme_api.TestHealthEndpoints" name="test_api_health" time="0.103" /><testcase classname="backend.tests.test_matchme_api.TestAuthEndpoints" name="test_register_new_user" time="0.821" /><testcase classname="backend.tests.test_matchme_api.TestAuthEndpoints" name="test_register_duplicate_email" time="0.396" /><testcase classname="backend.tests.test_matchme_api.TestAuthEndpoints" name="test_login_admin_success" time="1.027" /><testcase classname="backend.tests.test_matchme_api.TestAuthEndpoints" name="test_login_invalid_credentials" time="1.370" /><testcase classname="backend.tests.test_matchme_api.TestAuthEndpoints" name="test_auth_me_without_token" time="0.113" /><testcase classname="backend.tests.test_matchme_api.TestDashboardAPI" name="test_dashboard_returns_correct_fields" time="2.030" /><testcase classname="backend.tests.test_matchme_api.TestDashboardAPI" name="test_dashboard_free_user" time="1.811" /><testcase classname="backend.tests.test_matchme_api.TestJobCreation" name="test_best_shot_requires_3_to_10_photos" time="1.600" /><testcase classname="backend.tests.test_matchme_api.TestJobCreation" name="test_best_shot_pro_user_no_credit_check" time="1.545" /><testcase classname="backend.tests.test_matchme_api.TestJobCreation" name="test_profile_analysis_requires_4_to_6_photos" time="1.610" /><testcase classname="backend.tests.test_matchme_api.TestJobCreation" name="test_profile_analysis_pro_user" time="1.571" /><testcase classname="backend.tests.test_matchme_api.TestJobCreation" name="test_free_user_credit_deduction" time="3.605" /><testcase classname="backend.tests.test_matchme_api.TestJobCreation" name="test_insufficient_credits_blocked" time="3.406" /><testcase classname="backend.tests.test_matchme_api.TestRatingSystem" name="test_rate_next_endpoint" time="5.975" /><testcase classname="backend.tests.test_matchme_api.TestRatingSystem" name="test_rating_submit_requires_comment" time="1.346" /><testcase classname="backend.tests.test_matchme_api.TestStripeEndpoints" name="test_subscribe_endpoint_creates_checkout" time="1.585"><failure message="assert 500 == 200&#10; +  where 500 = &lt;Response [500]&gt;.status_code">backend/tests/test_matchme_api.py:382: in test_subscribe_endpoint_creates_checkout
    assert response.status_code == 200
E   assert 500 == 200
E    +  where 500 = &lt;Response [500]&gt;.status_code</failure></testcase><testcase classname="backend.tests.test_matchme_api.TestStripeEndpoints" name="test_subscribe_invalid_package" time="1.413" /><testcase classname="backend.tests.test_matchme_api.TestStripeEndpoints" name="test_webhook_endpoint_exists" time="0.122" /><testcase classname="backend.tests.test_matchme_api.TestAdminWorker" name="test_run_worker_admin_only" time="1.110" /><testcase classname="backend.tests.test_matchme_api.TestAdminWorker" name="test_run_worker_success" time="19.492" /><testcase classname="backend.tests.test_matchme_api.TestTierConfiguration" name="test_tier_config_values" time="1.849" /></testsuite></testsuites>