<?xml version="1.0" encoding="utf-8"?><testsuites name="pytest tests"><testsuite name="pytest" errors="0" failures="3" skipped="0" tests="11" time="38.267" timestamp="2026-04-06T19:08:58.381139+00:00" hostname="agent-env-08c94f25-1e69-4201-a57a-9cf39e5ddcc0"><testcase classname="backend.tests.test_iteration5_fixes.TestFix1IntegerCredits" name="test_new_user_has_integer_credits_and_counters" time="3.379" /><testcase classname="backend.tests.test_iteration5_fixes.TestFix1IntegerCredits" name="test_dashboard_returns_integer_credits" time="1.910" /><testcase classname="backend.tests.test_iteration5_fixes.TestFix1IntegerCredits" name="test_admin_user_has_integer_credits" time="2.348" /><testcase classname="backend.tests.test_iteration5_fixes.TestFix1IntegerCredits" name="test_credit_deduction_stays_integer" time="2.622" /><testcase classname="backend.tests.test_iteration5_fixes.TestFix1IntegerCredits" name="test_user_has_ratings_since_last_credit_field" time="2.109" /><testcase classname="backend.tests.test_iteration5_fixes.TestFix2ResultsWithRaterUsername" name="test_completed_job_has_ratings_array" time="1.117"><failure message="assert 404 == 200&#10; +  where 404 = &lt;Response [404]&gt;.status_code">backend/tests/test_iteration5_fixes.py:162: in test_completed_job_has_ratings_array
    assert response.status_code == 200
E   assert 404 == 200
E    +  where 404 = &lt;Response [404]&gt;.status_code</failure></testcase><testcase classname="backend.tests.test_iteration5_fixes.TestFix2ResultsWithRaterUsername" name="test_job_result_structure" time="1.228"><failure message="assert 404 == 200&#10; +  where 404 = &lt;Response [404]&gt;.status_code">backend/tests/test_iteration5_fixes.py:197: in test_job_result_structure
    assert response.status_code == 200
E   assert 404 == 200
E    +  where 404 = &lt;Response [404]&gt;.status_code</failure></testcase><testcase classname="backend.tests.test_iteration5_fixes.TestFix2ResultsWithRaterUsername" name="test_individual_rating_fields" time="1.251"><failure message="AttributeError: 'str' object has no attribute 'get'">backend/tests/test_iteration5_fixes.py:220: in test_individual_rating_fields
    completed_jobs = [j for j in jobs if j.get("status") == "complete"]
                     ^^^^^^^^^^^^^^^^^^^^^^^^^^^^^^^^^^^^^^^^^^^^^^^^^^
backend/tests/test_iteration5_fixes.py:220: in &lt;listcomp&gt;
    completed_jobs = [j for j in jobs if j.get("status") == "complete"]
                                         ^^^^^
E   AttributeError: 'str' object has no attribute 'get'</failure></testcase><testcase classname="backend.tests.test_iteration5_fixes.TestFix3AuthInputPadding" name="test_auth_page_loads" time="0.134" /><testcase classname="backend.tests.test_iteration5_fixes.TestCreditEarningLogic" name="test_rating_submission_increments_counter" time="10.227" /><testcase classname="backend.tests.test_iteration5_fixes.TestJobCompletionBonus" name="test_admin_can_run_worker" time="11.811" /></testsuite></testsuites>